--------------------------------- Version Log ----------------------------------
Version                                 Path
System Generator 2020.1                 C:/Xilinx/Vivado/2020.1
Matlab 9.7.0.1190202 (R2019b)           C:\Program Files\MATLAB\R2019b
Vivado 2020.1                           C:/Xilinx/Vivado/2020.1
--------------------------------------------------------------------------------
Summary of Errors:
Error 0001: ERROR: An error occurred when creating the Vivado project...
     Block: Unspecified
--------------------------------------------------------------------------------

Error 0001:

Reported by:
  Unspecified

Details:
ERROR: An error occurred when creating the Vivado project.
error deleting "hdl_netlist": permission denied
INFO: [Common 17-206] Exiting Vivado at Wed Nov  4 22:24:35 2020...
... 

For more information please refer to 'C:/Users/s4533087/CSSE4010/project/netlist/vivado.log'

--------------------------------------------------------------------------------
